  Using bundled DotNet SDK version: 6.0.302
  Running UnrealBuildTool: dotnet "..\..\Engine\Binaries\DotNET\UnrealBuildTool\UnrealBuildTool.dll" MyUnrealProjectEditor Win64 DebugGame -Project="F:\FoxUnrealPart\MyUnrealProject\MyUnrealProject.uproject" -WaitMutex -FromMsBuild
  Log file: C:\Users\IVAN\AppData\Local\UnrealBuildTool\Log.txt
  Invalidating makefile for MyUnrealProjectEditor (LevitateComponent.cpp.obj.response modified)
  Building MyUnrealProjectEditor...
  Using Visual Studio 2022 14.38.33135 toolchain (C:\Program Files\Microsoft Visual Studio\2022\Community\VC\Tools\MSVC\14.38.33130) and Windows 10.0.18362.0 SDK (C:\Program Files (x86)\Windows Kits\10).
  [Upgrade]
  [Upgrade] Using backward-compatible include order. The latest version of UE has changed the order of includes, which may require code changes. The current setting is:
  [Upgrade]     IncludeOrderVersion = EngineIncludeOrderVersion.Unreal5_1
  [Upgrade] Suppress this message by setting 'IncludeOrderVersion = EngineIncludeOrderVersion.Unreal5_2;' in MyUnrealProjectEditor.Target.cs.
  [Upgrade] Alternatively you can set this to 'EngineIncludeOrderVersion.Latest' to always use the latest include order. This will potentially cause compile errors when integrating new versions of the engine.
  [Upgrade]
  Determining max actions to execute in parallel (4 physical cores, 8 logical cores)
    Executing up to 4 processes, one per physical core
    Requested 1.5 GB free memory per action, 4.15 GB available: limiting max parallel actions to 2
  Building 4 actions with 2 processes...
  [1/4] Compile [x64] LevitateComponent.cpp
  [2/4] Link [x64] UnrealEditor-MyUnrealProject-Win64-DebugGame.lib
     Creating library F:\FoxUnrealPart\MyUnrealProject\Intermediate\Build\Win64\x64\UnrealEditor\DebugGame\MyUnrealProject\UnrealEditor-MyUnrealProject-Win64-DebugGame.lib and object F:\FoxUnrealPart\MyUnrealProject\Intermediate\Build\Win64\x64\UnrealEditor\DebugGame\MyUnrealProject\UnrealEditor-MyUnrealProject-Win64-DebugGame.exp
  [3/4] Link [x64] UnrealEditor-MyUnrealProject-Win64-DebugGame.dll
     Creating library F:\FoxUnrealPart\MyUnrealProject\Intermediate\Build\Win64\x64\UnrealEditor\DebugGame\MyUnrealProject\UnrealEditor-MyUnrealProject-Win64-DebugGame.suppressed.lib and object F:\FoxUnrealPart\MyUnrealProject\Intermediate\Build\Win64\x64\UnrealEditor\DebugGame\MyUnrealProject\UnrealEditor-MyUnrealProject-Win64-DebugGame.suppressed.exp
  [4/4] WriteMetadata MyUnrealProjectEditor-Win64-DebugGame.target
  Total time in Parallel executor: 52.03 seconds
  Total execution time: 54.98 seconds
